  Buttons.cpp
C:\Breda\Visual studio\Intake Game\Buttons.cpp(6,10): fatal error C1083: Cannot open include file: 'Audio/Sound.hpp': No such file or directory
  Crate.cpp
C:\Breda\Visual studio\Intake Game\Crate.cpp(6,10): fatal error C1083: Cannot open include file: 'Audio/Sound.hpp': No such file or directory
  Effects.cpp
C:\Breda\Visual studio\Intake Game\Effects.cpp(6,10): fatal error C1083: Cannot open include file: 'Audio/Sound.hpp': No such file or directory
  game.cpp
C:\Breda\Visual studio\Intake Game\game.cpp(1,10): fatal error C1083: Cannot open include file: 'Audio/Sound.hpp': No such file or directory
  Math.cpp
C:\Breda\Visual studio\Intake Game\Math.cpp(11,21): warning C4244: 'argument': conversion from 'time_t' to 'unsigned int', possible loss of data
  Numbers.cpp
C:\Breda\Visual studio\Intake Game\Numbers.cpp(23,15): warning C4244: '=': conversion from 'int' to 'float', possible loss of data
C:\Breda\Visual studio\Intake Game\Numbers.cpp(24,20): warning C4244: '=': conversion from 'int' to 'float', possible loss of data
C:\Breda\Visual studio\Intake Game\Numbers.cpp(54,64): warning C4244: '=': conversion from 'double' to 'int', possible loss of data
C:\Breda\Visual studio\Intake Game\Numbers.cpp(62,51): warning C4244: 'argument': conversion from 'float' to 'int', possible loss of data
C:\Breda\Visual studio\Intake Game\Numbers.cpp(62,38): warning C4244: 'argument': conversion from 'float' to 'int', possible loss of data
C:\Breda\Visual studio\Intake Game\Numbers.cpp(67,48): warning C4244: 'argument': conversion from 'float' to 'int', possible loss of data
C:\Breda\Visual studio\Intake Game\Numbers.cpp(67,35): warning C4244: 'argument': conversion from 'float' to 'int', possible loss of data
C:\Breda\Visual studio\Intake Game\Numbers.cpp(76,42): warning C4244: 'argument': conversion from 'float' to 'int', possible loss of data
C:\Breda\Visual studio\Intake Game\Numbers.cpp(76,35): warning C4244: 'argument': conversion from 'float' to 'int', possible loss of data
C:\Breda\Visual studio\Intake Game\Numbers.cpp(81,39): warning C4244: 'argument': conversion from 'float' to 'int', possible loss of data
C:\Breda\Visual studio\Intake Game\Numbers.cpp(81,32): warning C4244: 'argument': conversion from 'float' to 'int', possible loss of data
C:\Program Files (x86)\Microsoft Visual Studio\2019\Community\VC\Tools\MSVC\14.29.30133\include\xmemory(681,47): warning C4244: 'initializing': conversion from '_Ty' to '_Objty', possible loss of data
          with
          [
              _Ty=double
          ]
          and
          [
              _Objty=int
          ]
C:\Program Files (x86)\Microsoft Visual Studio\2019\Community\VC\Tools\MSVC\14.29.30133\include\vector(713): message : see reference to function template instantiation 'void std::_Default_allocator_traits<_Alloc>::construct<_Ty,double>(_Alloc &,_Objty *const ,double &&)' being compiled
          with
          [
              _Alloc=std::allocator<int>,
              _Ty=int,
              _Objty=int
          ]
C:\Program Files (x86)\Microsoft Visual Studio\2019\Community\VC\Tools\MSVC\14.29.30133\include\vector(713): message : see reference to function template instantiation 'void std::_Default_allocator_traits<_Alloc>::construct<_Ty,double>(_Alloc &,_Objty *const ,double &&)' being compiled
          with
          [
              _Alloc=std::allocator<int>,
              _Ty=int,
              _Objty=int
          ]
C:\Program Files (x86)\Microsoft Visual Studio\2019\Community\VC\Tools\MSVC\14.29.30133\include\vector(731): message : see reference to function template instantiation 'void std::vector<int,std::allocator<int>>::_Emplace_back_with_unused_capacity<_Ty>(_Ty &&)' being compiled
          with
          [
              _Ty=double
          ]
C:\Breda\Visual studio\Intake Game\Numbers.cpp(52): message : see reference to function template instantiation 'void std::vector<int,std::allocator<int>>::emplace_back<double>(double &&)' being compiled
  Player.cpp
C:\Breda\Visual studio\Intake Game\Player.cpp(11,10): fatal error C1083: Cannot open include file: 'Audio/Sound.hpp': No such file or directory
  surface.cpp
  template.cpp
  Generating Code...
